2024-05-20 16:23:45,042 - 3363 - dataloader.coinbaseloader - _get_req - INFO - 20 - C:\Users\Тарас\OneDrive\Desktop\venv\-\лабка 8\baseloader.py - Successful request to https://api.exchange.coinbase.com/products
2024-05-20 16:23:45,048 - 3368 - dataloader.coinbaseloader - get_pairs - INFO - 20 - C:\Users\Тарас\OneDrive\Desktop\venv\-\лабка 8\dataloader\coinbaseloader.py - Pairs data retrieved successfully
2024-05-20 16:23:46,065 - 4386 - dataloader.coinbaseloader - _get_req - INFO - 20 - C:\Users\Тарас\OneDrive\Desktop\venv\-\лабка 8\baseloader.py - Successful request to https://api.exchange.coinbase.com/products/BTC-USDT
2024-05-20 16:23:46,065 - 4386 - dataloader.coinbaseloader - _get_req - INFO - 20 - C:\Users\Тарас\OneDrive\Desktop\venv\-\лабка 8\baseloader.py - Successful request to https://api.exchange.coinbase.com/products/BTC-USDT
2024-05-20 16:23:46,102 - 4423 - dataloader.coinbaseloader - get_stats - INFO - 20 - C:\Users\Тарас\OneDrive\Desktop\venv\-\лабка 8\dataloader\coinbaseloader.py - Stats for BTC-USDT retrieved successfully
2024-05-20 16:23:46,102 - 4423 - dataloader.coinbaseloader - get_stats - INFO - 20 - C:\Users\Тарас\OneDrive\Desktop\venv\-\лабка 8\dataloader\coinbaseloader.py - Stats for BTC-USDT retrieved successfully
2024-05-20 16:23:47,504 - 5825 - dataloader.coinbaseloader - _get_req - INFO - 20 - C:\Users\Тарас\OneDrive\Desktop\venv\-\лабка 8\baseloader.py - Successful request to https://api.exchange.coinbase.com/products/ETH-USDT
2024-05-20 16:23:47,504 - 5825 - dataloader.coinbaseloader - _get_req - INFO - 20 - C:\Users\Тарас\OneDrive\Desktop\venv\-\лабка 8\baseloader.py - Successful request to https://api.exchange.coinbase.com/products/ETH-USDT
2024-05-20 16:23:47,504 - 5825 - dataloader.coinbaseloader - _get_req - INFO - 20 - C:\Users\Тарас\OneDrive\Desktop\venv\-\лабка 8\baseloader.py - Successful request to https://api.exchange.coinbase.com/products/ETH-USDT
2024-05-20 16:23:47,507 - 5828 - dataloader.coinbaseloader - get_stats - INFO - 20 - C:\Users\Тарас\OneDrive\Desktop\venv\-\лабка 8\dataloader\coinbaseloader.py - Stats for ETH-USDT retrieved successfully
2024-05-20 16:23:47,507 - 5828 - dataloader.coinbaseloader - get_stats - INFO - 20 - C:\Users\Тарас\OneDrive\Desktop\venv\-\лабка 8\dataloader\coinbaseloader.py - Stats for ETH-USDT retrieved successfully
2024-05-20 16:23:47,507 - 5828 - dataloader.coinbaseloader - get_stats - INFO - 20 - C:\Users\Тарас\OneDrive\Desktop\venv\-\лабка 8\dataloader\coinbaseloader.py - Stats for ETH-USDT retrieved successfully
2024-05-20 16:23:48,686 - 7007 - dataloader.coinbaseloader - _get_req - INFO - 20 - C:\Users\Тарас\OneDrive\Desktop\venv\-\лабка 8\baseloader.py - Successful request to https://api.exchange.coinbase.com/products/BTC-USDT/candles
2024-05-20 16:23:48,686 - 7007 - dataloader.coinbaseloader - _get_req - INFO - 20 - C:\Users\Тарас\OneDrive\Desktop\venv\-\лабка 8\baseloader.py - Successful request to https://api.exchange.coinbase.com/products/BTC-USDT/candles
2024-05-20 16:23:48,686 - 7007 - dataloader.coinbaseloader - _get_req - INFO - 20 - C:\Users\Тарас\OneDrive\Desktop\venv\-\лабка 8\baseloader.py - Successful request to https://api.exchange.coinbase.com/products/BTC-USDT/candles
2024-05-20 16:23:48,686 - 7007 - dataloader.coinbaseloader - _get_req - INFO - 20 - C:\Users\Тарас\OneDrive\Desktop\venv\-\лабка 8\baseloader.py - Successful request to https://api.exchange.coinbase.com/products/BTC-USDT/candles
2024-05-20 16:23:48,698 - 7019 - dataloader.coinbaseloader - get_historical_data - INFO - 20 - C:\Users\Тарас\OneDrive\Desktop\venv\-\лабка 8\dataloader\coinbaseloader.py - Historical data for BTC-USDT from 2023-01-01 00:00:00 to 2023-06-30 00:00:00 retrieved successfully
2024-05-20 16:23:48,698 - 7019 - dataloader.coinbaseloader - get_historical_data - INFO - 20 - C:\Users\Тарас\OneDrive\Desktop\venv\-\лабка 8\dataloader\coinbaseloader.py - Historical data for BTC-USDT from 2023-01-01 00:00:00 to 2023-06-30 00:00:00 retrieved successfully
2024-05-20 16:23:48,698 - 7019 - dataloader.coinbaseloader - get_historical_data - INFO - 20 - C:\Users\Тарас\OneDrive\Desktop\venv\-\лабка 8\dataloader\coinbaseloader.py - Historical data for BTC-USDT from 2023-01-01 00:00:00 to 2023-06-30 00:00:00 retrieved successfully
2024-05-20 16:23:48,698 - 7019 - dataloader.coinbaseloader - get_historical_data - INFO - 20 - C:\Users\Тарас\OneDrive\Desktop\venv\-\лабка 8\dataloader\coinbaseloader.py - Historical data for BTC-USDT from 2023-01-01 00:00:00 to 2023-06-30 00:00:00 retrieved successfully
2024-05-20 16:27:24,655 - 4188 - dataloader.coinbaseloader - _get_req - INFO - 20 - C:\Users\Тарас\OneDrive\Desktop\venv\-\лабка 8\baseloader.py - Successful request to https://api.exchange.coinbase.com/products
2024-05-20 16:27:24,670 - 4203 - dataloader.coinbaseloader - get_pairs - INFO - 20 - C:\Users\Тарас\OneDrive\Desktop\venv\-\лабка 8\dataloader\coinbaseloader.py - Pairs data retrieved successfully
2024-05-20 16:27:25,939 - 5472 - dataloader.coinbaseloader - _get_req - INFO - 20 - C:\Users\Тарас\OneDrive\Desktop\venv\-\лабка 8\baseloader.py - Successful request to https://api.exchange.coinbase.com/products/BTC-USDT
2024-05-20 16:27:25,939 - 5472 - dataloader.coinbaseloader - _get_req - INFO - 20 - C:\Users\Тарас\OneDrive\Desktop\venv\-\лабка 8\baseloader.py - Successful request to https://api.exchange.coinbase.com/products/BTC-USDT
2024-05-20 16:27:25,942 - 5476 - dataloader.coinbaseloader - get_stats - INFO - 20 - C:\Users\Тарас\OneDrive\Desktop\venv\-\лабка 8\dataloader\coinbaseloader.py - Stats for BTC-USDT retrieved successfully
2024-05-20 16:27:25,942 - 5476 - dataloader.coinbaseloader - get_stats - INFO - 20 - C:\Users\Тарас\OneDrive\Desktop\venv\-\лабка 8\dataloader\coinbaseloader.py - Stats for BTC-USDT retrieved successfully
2024-05-20 16:27:27,252 - 6785 - dataloader.coinbaseloader - _get_req - INFO - 20 - C:\Users\Тарас\OneDrive\Desktop\venv\-\лабка 8\baseloader.py - Successful request to https://api.exchange.coinbase.com/products/ETH-USDT
2024-05-20 16:27:27,252 - 6785 - dataloader.coinbaseloader - _get_req - INFO - 20 - C:\Users\Тарас\OneDrive\Desktop\venv\-\лабка 8\baseloader.py - Successful request to https://api.exchange.coinbase.com/products/ETH-USDT
2024-05-20 16:27:27,252 - 6785 - dataloader.coinbaseloader - _get_req - INFO - 20 - C:\Users\Тарас\OneDrive\Desktop\venv\-\лабка 8\baseloader.py - Successful request to https://api.exchange.coinbase.com/products/ETH-USDT
2024-05-20 16:27:27,252 - 6785 - dataloader.coinbaseloader - get_stats - INFO - 20 - C:\Users\Тарас\OneDrive\Desktop\venv\-\лабка 8\dataloader\coinbaseloader.py - Stats for ETH-USDT retrieved successfully
2024-05-20 16:27:27,252 - 6785 - dataloader.coinbaseloader - get_stats - INFO - 20 - C:\Users\Тарас\OneDrive\Desktop\venv\-\лабка 8\dataloader\coinbaseloader.py - Stats for ETH-USDT retrieved successfully
2024-05-20 16:27:27,252 - 6785 - dataloader.coinbaseloader - get_stats - INFO - 20 - C:\Users\Тарас\OneDrive\Desktop\venv\-\лабка 8\dataloader\coinbaseloader.py - Stats for ETH-USDT retrieved successfully
2024-05-20 16:27:28,125 - 7658 - dataloader.coinbaseloader - _get_req - INFO - 20 - C:\Users\Тарас\OneDrive\Desktop\venv\-\лабка 8\baseloader.py - Successful request to https://api.exchange.coinbase.com/products/BTC-USDT/candles
2024-05-20 16:27:28,125 - 7658 - dataloader.coinbaseloader - _get_req - INFO - 20 - C:\Users\Тарас\OneDrive\Desktop\venv\-\лабка 8\baseloader.py - Successful request to https://api.exchange.coinbase.com/products/BTC-USDT/candles
2024-05-20 16:27:28,125 - 7658 - dataloader.coinbaseloader - _get_req - INFO - 20 - C:\Users\Тарас\OneDrive\Desktop\venv\-\лабка 8\baseloader.py - Successful request to https://api.exchange.coinbase.com/products/BTC-USDT/candles
2024-05-20 16:27:28,125 - 7658 - dataloader.coinbaseloader - _get_req - INFO - 20 - C:\Users\Тарас\OneDrive\Desktop\venv\-\лабка 8\baseloader.py - Successful request to https://api.exchange.coinbase.com/products/BTC-USDT/candles
2024-05-20 16:27:28,131 - 7664 - dataloader.coinbaseloader - get_historical_data - INFO - 20 - C:\Users\Тарас\OneDrive\Desktop\venv\-\лабка 8\dataloader\coinbaseloader.py - Historical data for BTC-USDT from 2023-01-01 00:00:00 to 2023-06-30 00:00:00 retrieved successfully
2024-05-20 16:27:28,131 - 7664 - dataloader.coinbaseloader - get_historical_data - INFO - 20 - C:\Users\Тарас\OneDrive\Desktop\venv\-\лабка 8\dataloader\coinbaseloader.py - Historical data for BTC-USDT from 2023-01-01 00:00:00 to 2023-06-30 00:00:00 retrieved successfully
2024-05-20 16:27:28,131 - 7664 - dataloader.coinbaseloader - get_historical_data - INFO - 20 - C:\Users\Тарас\OneDrive\Desktop\venv\-\лабка 8\dataloader\coinbaseloader.py - Historical data for BTC-USDT from 2023-01-01 00:00:00 to 2023-06-30 00:00:00 retrieved successfully
2024-05-20 16:27:28,131 - 7664 - dataloader.coinbaseloader - get_historical_data - INFO - 20 - C:\Users\Тарас\OneDrive\Desktop\venv\-\лабка 8\dataloader\coinbaseloader.py - Historical data for BTC-USDT from 2023-01-01 00:00:00 to 2023-06-30 00:00:00 retrieved successfully
